<?xml version="1.0" encoding="UTF-8"?>
<!-- Generated by org.testng.reporters.JUnitReportReporter -->
<testsuite hostname="DESKTOP-E3N5S00" failures="0" tests="4" name="E_commerce" time="16.592" errors="0" timestamp="16 Mar 2022 14:14:45 GMT">
  <testcase classname="E_commerce" name="deleteuser" time="1.937"/>
  <testcase classname="E_commerce" name="getusers" time="3.104"/>
  <testcase classname="E_commerce" name="signup" time="7.369"/>
  <testcase classname="E_commerce" name="login" time="4.182"/>
</testsuite> <!-- E_commerce -->
